<?xml version="1.0" encoding="UTF-8"?>
<!-- Generated by org.testng.reporters.JUnitReportReporter -->
<testsuite hostname="LAPTOP-IJDRDNAC" failures="0" tests="3" name="webAuto.EndToEndTest" time="1.031" errors="0" timestamp="2022-11-22T17:30:10 IST" skipped="0">
  <testcase classname="webAuto.EndToEndTest" name="clickDoctorLoginLink" time="0.430"/>
  <system-out/>
  <testcase classname="webAuto.EndToEndTest" name="enterMobileNumber" time="0.417"/>
  <system-out/>
  <testcase classname="webAuto.EndToEndTest" name="clickSendOTP" time="0.184"/>
  <system-out/>
</testsuite> <!-- webAuto.EndToEndTest -->
